\\apporto.com\dfs\snhu\users\babatundeali-_snhu\desktop\cs 330\project\cs330_project\cs330_project\cs330_project\x64\debug\vc142.pdb
\\apporto.com\dfs\snhu\users\babatundeali-_snhu\desktop\cs 330\project\cs330_project\cs330_project\cs330_project\x64\debug\vc142.idb
\\apporto.com\dfs\snhu\users\babatundeali-_snhu\desktop\cs 330\project\cs330_project\cs330_project\cs330_project\x64\debug\glad.obj
\\apporto.com\dfs\snhu\users\babatundeali-_snhu\desktop\cs 330\project\cs330_project\cs330_project\cs330_project\x64\debug\texture.obj
\\apporto.com\dfs\snhu\users\babatundeali-_snhu\desktop\cs 330\project\cs330_project\cs330_project\cs330_project\x64\debug\shader.obj
\\apporto.com\dfs\snhu\users\babatundeali-_snhu\desktop\cs 330\project\cs330_project\cs330_project\cs330_project\x64\debug\mesh.obj
\\apporto.com\dfs\snhu\users\babatundeali-_snhu\desktop\cs 330\project\cs330_project\cs330_project\cs330_project\x64\debug\main.obj
\\apporto.com\dfs\snhu\users\babatundeali-_snhu\desktop\cs 330\project\cs330_project\cs330_project\cs330_project\x64\debug\tabletop.obj
\\apporto.com\dfs\snhu\users\babatundeali-_snhu\desktop\cs 330\project\cs330_project\cs330_project\cs330_project\x64\debug\sword.obj
\\apporto.com\dfs\snhu\users\babatundeali-_snhu\desktop\cs 330\project\cs330_project\cs330_project\cs330_project\x64\debug\pyramidmodel.obj
\\apporto.com\dfs\snhu\users\babatundeali-_snhu\desktop\cs 330\project\cs330_project\cs330_project\cs330_project\x64\debug\pointlight.obj
\\apporto.com\dfs\snhu\users\babatundeali-_snhu\desktop\cs 330\project\cs330_project\cs330_project\cs330_project\x64\debug\cubemodel.obj
\\apporto.com\dfs\snhu\users\babatundeali-_snhu\desktop\cs 330\project\cs330_project\cs330_project\cs330_project\x64\debug\computerlogo.obj
\\apporto.com\dfs\snhu\users\babatundeali-_snhu\desktop\cs 330\project\cs330_project\cs330_project\cs330_project\x64\debug\computer.obj
\\apporto.com\dfs\snhu\users\babatundeali-_snhu\desktop\cs 330\project\cs330_project\cs330_project\cs330_project\x64\debug\model.obj
\\apporto.com\dfs\snhu\users\babatundeali-_snhu\desktop\cs 330\project\cs330_project\cs330_project\cs330_project\x64\debug\camera.obj
\\apporto.com\dfs\snhu\users\babatundeali-_snhu\desktop\cs 330\project\cs330_project\cs330_project\cs330_project\x64\debug\application.obj
\\apporto.com\dfs\snhu\users\babatundeali-_snhu\desktop\cs 330\project\cs330_project\cs330_project\cs330_project\x64\debug\stb.obj
\\apporto.com\dfs\snhu\users\babatundeali-_snhu\desktop\cs 330\project\cs330_project\cs330_project\x64\debug\cs330_project.exe
\\apporto.com\dfs\snhu\users\babatundeali-_snhu\desktop\cs 330\project\cs330_project\cs330_project\x64\debug\cs330_project.ilk
\\apporto.com\dfs\snhu\users\babatundeali-_snhu\desktop\cs 330\project\cs330_project\cs330_project\x64\debug\cs330_project.pdb
\\apporto.com\dfs\snhu\users\babatundeali-_snhu\desktop\cs 330\project\cs330_project\cs330_project\cs330_project\x64\debug\cs330_project.tlog\cl.command.1.tlog
\\apporto.com\dfs\snhu\users\babatundeali-_snhu\desktop\cs 330\project\cs330_project\cs330_project\cs330_project\x64\debug\cs330_project.tlog\cl.read.1.tlog
\\apporto.com\dfs\snhu\users\babatundeali-_snhu\desktop\cs 330\project\cs330_project\cs330_project\cs330_project\x64\debug\cs330_project.tlog\cl.write.1.tlog
\\apporto.com\dfs\snhu\users\babatundeali-_snhu\desktop\cs 330\project\cs330_project\cs330_project\cs330_project\x64\debug\cs330_project.tlog\link.command.1.tlog
\\apporto.com\dfs\snhu\users\babatundeali-_snhu\desktop\cs 330\project\cs330_project\cs330_project\cs330_project\x64\debug\cs330_project.tlog\link.read.1.tlog
\\apporto.com\dfs\snhu\users\babatundeali-_snhu\desktop\cs 330\project\cs330_project\cs330_project\cs330_project\x64\debug\cs330_project.tlog\link.write.1.tlog
